<?xml version="1.0" encoding="UTF-8"?>
<!-- Generated by org.testng.reporters.JUnitReportReporter -->
<testsuite hostname="munna-Inspiron-14-3467" failures="0" tests="1" name="qa.automation.page.tests.tcases.airIn" time="0.025" errors="0" timestamp="2020-10-21T02:25:42 IST" skipped="0">
  <testcase classname="qa.automation.page.tests.tcases.airIn" name="m1" time="0.025"/>
  <system-out/>
</testsuite> <!-- qa.automation.page.tests.tcases.airIn -->
