<?xml version="1.0" encoding="UTF-8"?>
<!-- Generated by org.testng.reporters.JUnitReportReporter -->
<testsuite hostname="munna-Inspiron-14-3467" failures="0" tests="1" name="qa.automation.page.tests.tcases.LoginPageTc" time="27.555" errors="0" timestamp="2020-10-23T02:32:38 IST" skipped="0">
  <testcase classname="qa.automation.page.tests.tcases.LoginPageTc" name="loginWithValidCredentials" time="27.555"/>
  <system-out/>
</testsuite> <!-- qa.automation.page.tests.tcases.LoginPageTc -->
